Build started 4/21/2012 7:48:40 PM.
     1>Project "C:\Users\dhavalmalaviya\Desktop\OOD\project4\project4\HelperClasses\HelperClasses.vcxproj" on node 2 (rebuild target(s)).
     1>_PrepareForClean:
         Deleting file "Debug\HelperClasses.lastbuildstate".
       InitializeBuildStatus:
         Creating "Debug\HelperClasses.unsuccessfulbuild" because "AlwaysCreate" was specified.
       ClCompile:
         C:\Program Files\Microsoft Visual Studio 10.0\VC\bin\CL.exe /c /ZI /nologo /W3 /WX- /Od /Oy- /D WIN32 /D _DEBUG /D _CONSOLE /D _UNICODE /D UNICODE /Gm /EHsc /RTC1 /MDd /GS /fp:precise /Zc:wchar_t /Zc:forScope /Fo"Debug\\" /Fd"Debug\vc100.pdb" /Gd /TP /analyze- /errorReport:prompt fileInfo.cpp fileMgr.cpp helperClass.cpp StringConversion.cpp WinTools.cpp XmlReader.cpp
         XmlReader.cpp
         WinTools.cpp
         StringConversion.cpp
         helperClass.cpp
         fileMgr.cpp
         fileInfo.cpp
         Generating Code...
       ManifestResourceCompile:
         C:\Program Files\Microsoft SDKs\Windows\v7.0A\bin\rc.exe /nologo /fo"Debug\HelperClasses.exe.embed.manifest.res" Debug\HelperClasses_manifest.rc 
       Link:
         C:\Program Files\Microsoft Visual Studio 10.0\VC\bin\link.exe /ERRORREPORT:PROMPT /OUT:"C:\Users\dhavalmalaviya\Desktop\OOD\project4\project4\Debug\HelperClasses.exe" /INCREMENTAL /NOLOGO kernel32.lib user32.lib gdi32.lib winspool.lib comdlg32.lib advapi32.lib shell32.lib ole32.lib oleaut32.lib uuid.lib odbc32.lib odbccp32.lib /MANIFEST /ManifestFile:"Debug\HelperClasses.exe.intermediate.manifest" /MANIFESTUAC:"level='asInvoker' uiAccess='false'" /DEBUG /PDB:"C:\Users\dhavalmalaviya\Desktop\OOD\project4\project4\Debug\HelperClasses.pdb" /SUBSYSTEM:CONSOLE /TLBID:1 /DYNAMICBASE /NXCOMPAT /IMPLIB:"C:\Users\dhavalmalaviya\Desktop\OOD\project4\project4\Debug\HelperClasses.lib" /MACHINE:X86 Debug\HelperClasses.exe.embed.manifest.res
         Debug\fileInfo.obj
         Debug\fileMgr.obj
         Debug\helperClass.obj
         Debug\StringConversion.obj
         Debug\WinTools.obj
         Debug\XmlReader.obj
       Manifest:
         Deleting file "Debug\HelperClasses.exe.embed.manifest".
         C:\Program Files\Microsoft SDKs\Windows\v7.0A\bin\mt.exe /nologo /verbose /out:"Debug\HelperClasses.exe.embed.manifest" /manifest Debug\HelperClasses.exe.intermediate.manifest
         C:\Program Files\Microsoft SDKs\Windows\v7.0A\bin\rc.exe /nologo /fo"Debug\HelperClasses.exe.embed.manifest.res" Debug\HelperClasses_manifest.rc 
       LinkEmbedManifest:
         C:\Program Files\Microsoft Visual Studio 10.0\VC\bin\link.exe /ERRORREPORT:PROMPT /OUT:"C:\Users\dhavalmalaviya\Desktop\OOD\project4\project4\Debug\HelperClasses.exe" /INCREMENTAL /NOLOGO kernel32.lib user32.lib gdi32.lib winspool.lib comdlg32.lib advapi32.lib shell32.lib ole32.lib oleaut32.lib uuid.lib odbc32.lib odbccp32.lib /MANIFEST /ManifestFile:"Debug\HelperClasses.exe.intermediate.manifest" /MANIFESTUAC:"level='asInvoker' uiAccess='false'" /DEBUG /PDB:"C:\Users\dhavalmalaviya\Desktop\OOD\project4\project4\Debug\HelperClasses.pdb" /SUBSYSTEM:CONSOLE /TLBID:1 /DYNAMICBASE /NXCOMPAT /IMPLIB:"C:\Users\dhavalmalaviya\Desktop\OOD\project4\project4\Debug\HelperClasses.lib" /MACHINE:X86 Debug\HelperClasses.exe.embed.manifest.res
         Debug\fileInfo.obj
         Debug\fileMgr.obj
         Debug\helperClass.obj
         Debug\StringConversion.obj
         Debug\WinTools.obj
         Debug\XmlReader.obj
         HelperClasses.vcxproj -> C:\Users\dhavalmalaviya\Desktop\OOD\project4\project4\Debug\HelperClasses.exe
       FinalizeBuildStatus:
         Deleting file "Debug\HelperClasses.unsuccessfulbuild".
         Touching "Debug\HelperClasses.lastbuildstate".
     1>Done Building Project "C:\Users\dhavalmalaviya\Desktop\OOD\project4\project4\HelperClasses\HelperClasses.vcxproj" (rebuild target(s)).

Build succeeded.

Time Elapsed 00:00:12.39
