C:\USERS\DHAVALMALAVIYA\DESKTOP\OOD\PROJECT4\PROJECT4\DEBUG\HELPERCLASSES.EXE
C:\USERS\DHAVALMALAVIYA\DESKTOP\OOD\PROJECT4\PROJECT4\DEBUG\HELPERCLASSES.ILK
C:\USERS\DHAVALMALAVIYA\DESKTOP\OOD\PROJECT4\PROJECT4\DEBUG\HELPERCLASSES.PDB
C:\Users\dhavalmalaviya\Desktop\OOD\project4\project4\HelperClasses\Debug\cl.command.1.tlog
C:\Users\dhavalmalaviya\Desktop\OOD\project4\project4\HelperClasses\Debug\CL.read.1.tlog
C:\Users\dhavalmalaviya\Desktop\OOD\project4\project4\HelperClasses\Debug\CL.write.1.tlog
C:\USERS\DHAVALMALAVIYA\DESKTOP\OOD\PROJECT4\PROJECT4\HELPERCLASSES\DEBUG\FILEINFO.OBJ
C:\USERS\DHAVALMALAVIYA\DESKTOP\OOD\PROJECT4\PROJECT4\HELPERCLASSES\DEBUG\FILEMGR.OBJ
C:\USERS\DHAVALMALAVIYA\DESKTOP\OOD\PROJECT4\PROJECT4\HELPERCLASSES\DEBUG\HELPERCLASS.OBJ
C:\USERS\DHAVALMALAVIYA\DESKTOP\OOD\PROJECT4\PROJECT4\HELPERCLASSES\DEBUG\HELPERCLASSES.EXE.EMBED.MANIFEST
C:\USERS\DHAVALMALAVIYA\DESKTOP\OOD\PROJECT4\PROJECT4\HELPERCLASSES\DEBUG\HELPERCLASSES.EXE.EMBED.MANIFEST.RES
C:\USERS\DHAVALMALAVIYA\DESKTOP\OOD\PROJECT4\PROJECT4\HELPERCLASSES\DEBUG\HELPERCLASSES.EXE.INTERMEDIATE.MANIFEST
C:\Users\dhavalmalaviya\Desktop\OOD\project4\project4\HelperClasses\Debug\HelperClasses_manifest.rc
C:\Users\dhavalmalaviya\Desktop\OOD\project4\project4\HelperClasses\Debug\link.command.1.tlog
C:\Users\dhavalmalaviya\Desktop\OOD\project4\project4\HelperClasses\Debug\link.read.1.tlog
C:\Users\dhavalmalaviya\Desktop\OOD\project4\project4\HelperClasses\Debug\link.write.1.tlog
C:\Users\dhavalmalaviya\Desktop\OOD\project4\project4\HelperClasses\Debug\link-cvtres.read.1.tlog
C:\Users\dhavalmalaviya\Desktop\OOD\project4\project4\HelperClasses\Debug\link-cvtres.write.1.tlog
C:\Users\dhavalmalaviya\Desktop\OOD\project4\project4\HelperClasses\Debug\mt.command.1.tlog
C:\Users\dhavalmalaviya\Desktop\OOD\project4\project4\HelperClasses\Debug\mt.read.1.tlog
C:\Users\dhavalmalaviya\Desktop\OOD\project4\project4\HelperClasses\Debug\mt.write.1.tlog
C:\Users\dhavalmalaviya\Desktop\OOD\project4\project4\HelperClasses\Debug\rc.command.1.tlog
C:\Users\dhavalmalaviya\Desktop\OOD\project4\project4\HelperClasses\Debug\rc.read.1.tlog
C:\Users\dhavalmalaviya\Desktop\OOD\project4\project4\HelperClasses\Debug\rc.write.1.tlog
C:\USERS\DHAVALMALAVIYA\DESKTOP\OOD\PROJECT4\PROJECT4\HELPERCLASSES\DEBUG\STRINGCONVERSION.OBJ
C:\Users\dhavalmalaviya\Desktop\OOD\project4\project4\HelperClasses\Debug\vc100.idb
C:\USERS\DHAVALMALAVIYA\DESKTOP\OOD\PROJECT4\PROJECT4\HELPERCLASSES\DEBUG\VC100.PDB
C:\USERS\DHAVALMALAVIYA\DESKTOP\OOD\PROJECT4\PROJECT4\HELPERCLASSES\DEBUG\WINTOOLS.OBJ
C:\USERS\DHAVALMALAVIYA\DESKTOP\OOD\PROJECT4\PROJECT4\HELPERCLASSES\DEBUG\XMLREADER.OBJ
