C:\USERS\DHAVALMALAVIYA\DESKTOP\OOD\PROJECT4\PROJECT4\BLOCKINGQUEUE\DEBUG\BLOCKINGQUEUE.EXE.EMBED.MANIFEST
C:\USERS\DHAVALMALAVIYA\DESKTOP\OOD\PROJECT4\PROJECT4\BLOCKINGQUEUE\DEBUG\BLOCKINGQUEUE.EXE.EMBED.MANIFEST.RES
C:\USERS\DHAVALMALAVIYA\DESKTOP\OOD\PROJECT4\PROJECT4\BLOCKINGQUEUE\DEBUG\BLOCKINGQUEUE.EXE.INTERMEDIATE.MANIFEST
C:\USERS\DHAVALMALAVIYA\DESKTOP\OOD\PROJECT4\PROJECT4\BLOCKINGQUEUE\DEBUG\BLOCKINGQUEUE.OBJ
C:\Users\dhavalmalaviya\Desktop\OOD\project4\project4\BlockingQueue\Debug\BlockingQueue_manifest.rc
C:\Users\dhavalmalaviya\Desktop\OOD\project4\project4\BlockingQueue\Debug\cl.command.1.tlog
C:\Users\dhavalmalaviya\Desktop\OOD\project4\project4\BlockingQueue\Debug\CL.read.1.tlog
C:\Users\dhavalmalaviya\Desktop\OOD\project4\project4\BlockingQueue\Debug\CL.write.1.tlog
C:\Users\dhavalmalaviya\Desktop\OOD\project4\project4\BlockingQueue\Debug\link.6104.read.1.tlog
C:\Users\dhavalmalaviya\Desktop\OOD\project4\project4\BlockingQueue\Debug\link.6104.write.1.tlog
C:\Users\dhavalmalaviya\Desktop\OOD\project4\project4\BlockingQueue\Debug\link.6104-cvtres.read.1.tlog
C:\Users\dhavalmalaviya\Desktop\OOD\project4\project4\BlockingQueue\Debug\link.6104-cvtres.write.1.tlog
C:\Users\dhavalmalaviya\Desktop\OOD\project4\project4\BlockingQueue\Debug\link.command.1.tlog
C:\Users\dhavalmalaviya\Desktop\OOD\project4\project4\BlockingQueue\Debug\link.read.1.tlog
C:\Users\dhavalmalaviya\Desktop\OOD\project4\project4\BlockingQueue\Debug\link.write.1.tlog
C:\Users\dhavalmalaviya\Desktop\OOD\project4\project4\BlockingQueue\Debug\link-cvtres.read.1.tlog
C:\Users\dhavalmalaviya\Desktop\OOD\project4\project4\BlockingQueue\Debug\link-cvtres.write.1.tlog
C:\USERS\DHAVALMALAVIYA\DESKTOP\OOD\PROJECT4\PROJECT4\BLOCKINGQUEUE\DEBUG\LOCKS.OBJ
C:\Users\dhavalmalaviya\Desktop\OOD\project4\project4\BlockingQueue\Debug\mt.command.1.tlog
C:\Users\dhavalmalaviya\Desktop\OOD\project4\project4\BlockingQueue\Debug\mt.read.1.tlog
C:\Users\dhavalmalaviya\Desktop\OOD\project4\project4\BlockingQueue\Debug\mt.write.1.tlog
C:\Users\dhavalmalaviya\Desktop\OOD\project4\project4\BlockingQueue\Debug\rc.command.1.tlog
C:\Users\dhavalmalaviya\Desktop\OOD\project4\project4\BlockingQueue\Debug\rc.read.1.tlog
C:\Users\dhavalmalaviya\Desktop\OOD\project4\project4\BlockingQueue\Debug\rc.write.1.tlog
C:\USERS\DHAVALMALAVIYA\DESKTOP\OOD\PROJECT4\PROJECT4\BLOCKINGQUEUE\DEBUG\THREADS.OBJ
C:\Users\dhavalmalaviya\Desktop\OOD\project4\project4\BlockingQueue\Debug\vc100.idb
C:\USERS\DHAVALMALAVIYA\DESKTOP\OOD\PROJECT4\PROJECT4\BLOCKINGQUEUE\DEBUG\VC100.PDB
C:\USERS\DHAVALMALAVIYA\DESKTOP\OOD\PROJECT4\PROJECT4\DEBUG\BLOCKINGQUEUE.EXE
C:\USERS\DHAVALMALAVIYA\DESKTOP\OOD\PROJECT4\PROJECT4\DEBUG\BLOCKINGQUEUE.ILK
C:\USERS\DHAVALMALAVIYA\DESKTOP\OOD\PROJECT4\PROJECT4\DEBUG\BLOCKINGQUEUE.PDB
