Build started 4/24/2012 6:11:00 PM.
     1>Project "C:\Users\dhavalmalaviya\Desktop\OOD\project4\project4\Message\Message.vcxproj" on node 2 (rebuild target(s)).
     1>_PrepareForClean:
         Deleting file "Debug\Message.lastbuildstate".
       InitializeBuildStatus:
         Creating "Debug\Message.unsuccessfulbuild" because "AlwaysCreate" was specified.
       ClCompile:
         C:\Program Files\Microsoft Visual Studio 10.0\VC\bin\CL.exe /c /ZI /nologo /W3 /WX- /Od /Oy- /D _MBCS /D TEST_MESSAGE /D _MBCS /Gm /EHsc /RTC1 /MDd /GS /fp:precise /Zc:wchar_t /Zc:forScope /Fo"Debug\\" /Fd"Debug\vc100.pdb" /Gd /TP /analyze- /errorReport:prompt Message.cpp XmlReader.cpp XmlWriter.cpp
         XmlWriter.cpp
         XmlReader.cpp
         Message.cpp
         Generating Code...
       Link:
         C:\Program Files\Microsoft Visual Studio 10.0\VC\bin\link.exe /ERRORREPORT:PROMPT /OUT:"C:\Users\dhavalmalaviya\Desktop\OOD\project4\project4\Debug\Message.exe" /NOLOGO kernel32.lib user32.lib gdi32.lib winspool.lib comdlg32.lib advapi32.lib shell32.lib ole32.lib oleaut32.lib uuid.lib odbc32.lib odbccp32.lib /MANIFEST /ManifestFile:"Debug\Message.exe.intermediate.manifest" /MANIFESTUAC:"level='asInvoker' uiAccess='false'" /DEBUG /PDB:"C:\Users\dhavalmalaviya\Desktop\OOD\project4\project4\Debug\Message.pdb" /SUBSYSTEM:CONSOLE /TLBID:1 /DYNAMICBASE /NXCOMPAT /IMPLIB:"C:\Users\dhavalmalaviya\Desktop\OOD\project4\project4\Debug\Message.lib" /MACHINE:X86 Debug\Message.obj
         Debug\XmlReader.obj
         Debug\XmlWriter.obj
         Message.vcxproj -> C:\Users\dhavalmalaviya\Desktop\OOD\project4\project4\Debug\Message.exe
       Manifest:
         C:\Program Files\Microsoft SDKs\Windows\v7.0A\bin\mt.exe /nologo /verbose /outputresource:"C:\Users\dhavalmalaviya\Desktop\OOD\project4\project4\Debug\Message.exe;#1" /manifest Debug\Message.exe.intermediate.manifest
       FinalizeBuildStatus:
         Deleting file "Debug\Message.unsuccessfulbuild".
         Touching "Debug\Message.lastbuildstate".
     1>Done Building Project "C:\Users\dhavalmalaviya\Desktop\OOD\project4\project4\Message\Message.vcxproj" (rebuild target(s)).

Build succeeded.

Time Elapsed 00:00:02.88
