C:\USERS\DHAVALMALAVIYA\DESKTOP\OOD\PROJECT4\PROJECT4\DEBUG\SOCKETS.EXE
C:\USERS\DHAVALMALAVIYA\DESKTOP\OOD\PROJECT4\PROJECT4\DEBUG\SOCKETS.ILK
C:\USERS\DHAVALMALAVIYA\DESKTOP\OOD\PROJECT4\PROJECT4\DEBUG\SOCKETS.PDB
C:\Users\dhavalmalaviya\Desktop\OOD\project4\project4\Sockets\Debug\cl.command.1.tlog
C:\Users\dhavalmalaviya\Desktop\OOD\project4\project4\Sockets\Debug\CL.read.1.tlog
C:\Users\dhavalmalaviya\Desktop\OOD\project4\project4\Sockets\Debug\CL.write.1.tlog
C:\Users\dhavalmalaviya\Desktop\OOD\project4\project4\Sockets\Debug\link.command.1.tlog
C:\Users\dhavalmalaviya\Desktop\OOD\project4\project4\Sockets\Debug\link.read.1.tlog
C:\Users\dhavalmalaviya\Desktop\OOD\project4\project4\Sockets\Debug\link.write.1.tlog
C:\Users\dhavalmalaviya\Desktop\OOD\project4\project4\Sockets\Debug\link-cvtres.read.1.tlog
C:\Users\dhavalmalaviya\Desktop\OOD\project4\project4\Sockets\Debug\link-cvtres.write.1.tlog
C:\USERS\DHAVALMALAVIYA\DESKTOP\OOD\PROJECT4\PROJECT4\SOCKETS\DEBUG\LOCKS.OBJ
C:\Users\dhavalmalaviya\Desktop\OOD\project4\project4\Sockets\Debug\mt.command.1.tlog
C:\Users\dhavalmalaviya\Desktop\OOD\project4\project4\Sockets\Debug\mt.read.1.tlog
C:\Users\dhavalmalaviya\Desktop\OOD\project4\project4\Sockets\Debug\mt.write.1.tlog
C:\Users\dhavalmalaviya\Desktop\OOD\project4\project4\Sockets\Debug\rc.command.1.tlog
C:\Users\dhavalmalaviya\Desktop\OOD\project4\project4\Sockets\Debug\rc.read.1.tlog
C:\Users\dhavalmalaviya\Desktop\OOD\project4\project4\Sockets\Debug\rc.write.1.tlog
C:\USERS\DHAVALMALAVIYA\DESKTOP\OOD\PROJECT4\PROJECT4\SOCKETS\DEBUG\SOCKETS.EXE.EMBED.MANIFEST
C:\USERS\DHAVALMALAVIYA\DESKTOP\OOD\PROJECT4\PROJECT4\SOCKETS\DEBUG\SOCKETS.EXE.EMBED.MANIFEST.RES
C:\USERS\DHAVALMALAVIYA\DESKTOP\OOD\PROJECT4\PROJECT4\SOCKETS\DEBUG\SOCKETS.EXE.INTERMEDIATE.MANIFEST
C:\USERS\DHAVALMALAVIYA\DESKTOP\OOD\PROJECT4\PROJECT4\SOCKETS\DEBUG\SOCKETS.OBJ
C:\Users\dhavalmalaviya\Desktop\OOD\project4\project4\Sockets\Debug\Sockets_manifest.rc
C:\Users\dhavalmalaviya\Desktop\OOD\project4\project4\Sockets\Debug\vc100.idb
C:\USERS\DHAVALMALAVIYA\DESKTOP\OOD\PROJECT4\PROJECT4\SOCKETS\DEBUG\VC100.PDB
