Build started 4/24/2012 6:10:55 PM.
     1>Project "C:\Users\dhavalmalaviya\Desktop\OOD\project4\project4\Sockets\Sockets.vcxproj" on node 3 (rebuild target(s)).
     1>_PrepareForClean:
         Deleting file "Debug\Sockets.lastbuildstate".
       InitializeBuildStatus:
         Creating "Debug\Sockets.unsuccessfulbuild" because "AlwaysCreate" was specified.
       ClCompile:
         C:\Program Files\Microsoft Visual Studio 10.0\VC\bin\CL.exe /c /ZI /nologo /W3 /WX- /Od /Oy- /D WIN32 /D _DEBUG /D _CONSOLE /D TEST_SOCKETS /D TRACING /D _UNICODE /D UNICODE /Gm /EHsc /RTC1 /MDd /GS /fp:precise /Zc:wchar_t /Zc:forScope /Fo"Debug\\" /Fd"Debug\vc100.pdb" /Gd /TP /analyze- /errorReport:prompt ..\Threads\locks.cpp Sockets.cpp
         Sockets.cpp
         locks.cpp
         Generating Code...
       ManifestResourceCompile:
         C:\Program Files\Microsoft SDKs\Windows\v7.0A\bin\rc.exe /nologo /fo"Debug\Sockets.exe.embed.manifest.res" Debug\Sockets_manifest.rc 
       Link:
         C:\Program Files\Microsoft Visual Studio 10.0\VC\bin\link.exe /ERRORREPORT:PROMPT /OUT:"C:\Users\dhavalmalaviya\Desktop\OOD\project4\project4\Debug\Sockets.exe" /INCREMENTAL /NOLOGO wsock32.lib kernel32.lib user32.lib gdi32.lib winspool.lib comdlg32.lib advapi32.lib shell32.lib ole32.lib oleaut32.lib uuid.lib odbc32.lib odbccp32.lib /MANIFEST /ManifestFile:"Debug\Sockets.exe.intermediate.manifest" /MANIFESTUAC:"level='asInvoker' uiAccess='false'" /DEBUG /PDB:"C:\Users\dhavalmalaviya\Desktop\OOD\project4\project4\Debug\Sockets.pdb" /SUBSYSTEM:CONSOLE /TLBID:1 /DYNAMICBASE:NO /IMPLIB:"C:\Users\dhavalmalaviya\Desktop\OOD\project4\project4\Debug\Sockets.lib" /MACHINE:X86 Debug\Sockets.exe.embed.manifest.res
         Debug\locks.obj
         Debug\Sockets.obj
       Manifest:
         Deleting file "Debug\Sockets.exe.embed.manifest".
         C:\Program Files\Microsoft SDKs\Windows\v7.0A\bin\mt.exe /nologo /verbose /out:"Debug\Sockets.exe.embed.manifest" /manifest Debug\Sockets.exe.intermediate.manifest
         C:\Program Files\Microsoft SDKs\Windows\v7.0A\bin\rc.exe /nologo /fo"Debug\Sockets.exe.embed.manifest.res" Debug\Sockets_manifest.rc 
       LinkEmbedManifest:
         C:\Program Files\Microsoft Visual Studio 10.0\VC\bin\link.exe /ERRORREPORT:PROMPT /OUT:"C:\Users\dhavalmalaviya\Desktop\OOD\project4\project4\Debug\Sockets.exe" /INCREMENTAL /NOLOGO wsock32.lib kernel32.lib user32.lib gdi32.lib winspool.lib comdlg32.lib advapi32.lib shell32.lib ole32.lib oleaut32.lib uuid.lib odbc32.lib odbccp32.lib /MANIFEST /ManifestFile:"Debug\Sockets.exe.intermediate.manifest" /MANIFESTUAC:"level='asInvoker' uiAccess='false'" /DEBUG /PDB:"C:\Users\dhavalmalaviya\Desktop\OOD\project4\project4\Debug\Sockets.pdb" /SUBSYSTEM:CONSOLE /TLBID:1 /DYNAMICBASE:NO /IMPLIB:"C:\Users\dhavalmalaviya\Desktop\OOD\project4\project4\Debug\Sockets.lib" /MACHINE:X86 Debug\Sockets.exe.embed.manifest.res
         Debug\locks.obj
         Debug\Sockets.obj
         Sockets.vcxproj -> C:\Users\dhavalmalaviya\Desktop\OOD\project4\project4\Debug\Sockets.exe
       FinalizeBuildStatus:
         Deleting file "Debug\Sockets.unsuccessfulbuild".
         Touching "Debug\Sockets.lastbuildstate".
     1>Done Building Project "C:\Users\dhavalmalaviya\Desktop\OOD\project4\project4\Sockets\Sockets.vcxproj" (rebuild target(s)).

Build succeeded.

Time Elapsed 00:00:04.62
