C:\USERS\DHAVALMALAVIYA\DESKTOP\OOD\PROJECT4\PROJECT4\DEBUG\THREADS.EXE
C:\USERS\DHAVALMALAVIYA\DESKTOP\OOD\PROJECT4\PROJECT4\DEBUG\THREADS.ILK
C:\USERS\DHAVALMALAVIYA\DESKTOP\OOD\PROJECT4\PROJECT4\DEBUG\THREADS.PDB
C:\Users\dhavalmalaviya\Desktop\OOD\project4\project4\Threads\Debug\cl.command.1.tlog
C:\Users\dhavalmalaviya\Desktop\OOD\project4\project4\Threads\Debug\CL.read.1.tlog
C:\Users\dhavalmalaviya\Desktop\OOD\project4\project4\Threads\Debug\CL.write.1.tlog
C:\Users\dhavalmalaviya\Desktop\OOD\project4\project4\Threads\Debug\link.5808.read.1.tlog
C:\Users\dhavalmalaviya\Desktop\OOD\project4\project4\Threads\Debug\link.5808.write.1.tlog
C:\Users\dhavalmalaviya\Desktop\OOD\project4\project4\Threads\Debug\link.5808-cvtres.read.1.tlog
C:\Users\dhavalmalaviya\Desktop\OOD\project4\project4\Threads\Debug\link.5808-cvtres.write.1.tlog
C:\Users\dhavalmalaviya\Desktop\OOD\project4\project4\Threads\Debug\link.command.1.tlog
C:\Users\dhavalmalaviya\Desktop\OOD\project4\project4\Threads\Debug\link.read.1.tlog
C:\Users\dhavalmalaviya\Desktop\OOD\project4\project4\Threads\Debug\link.write.1.tlog
C:\Users\dhavalmalaviya\Desktop\OOD\project4\project4\Threads\Debug\link-cvtres.read.1.tlog
C:\Users\dhavalmalaviya\Desktop\OOD\project4\project4\Threads\Debug\link-cvtres.write.1.tlog
C:\USERS\DHAVALMALAVIYA\DESKTOP\OOD\PROJECT4\PROJECT4\THREADS\DEBUG\LOCKS.OBJ
C:\Users\dhavalmalaviya\Desktop\OOD\project4\project4\Threads\Debug\mt.command.1.tlog
C:\Users\dhavalmalaviya\Desktop\OOD\project4\project4\Threads\Debug\mt.read.1.tlog
C:\Users\dhavalmalaviya\Desktop\OOD\project4\project4\Threads\Debug\mt.write.1.tlog
C:\Users\dhavalmalaviya\Desktop\OOD\project4\project4\Threads\Debug\rc.command.1.tlog
C:\Users\dhavalmalaviya\Desktop\OOD\project4\project4\Threads\Debug\rc.read.1.tlog
C:\Users\dhavalmalaviya\Desktop\OOD\project4\project4\Threads\Debug\rc.write.1.tlog
C:\USERS\DHAVALMALAVIYA\DESKTOP\OOD\PROJECT4\PROJECT4\THREADS\DEBUG\THREADS.EXE.EMBED.MANIFEST
C:\USERS\DHAVALMALAVIYA\DESKTOP\OOD\PROJECT4\PROJECT4\THREADS\DEBUG\THREADS.EXE.EMBED.MANIFEST.RES
C:\USERS\DHAVALMALAVIYA\DESKTOP\OOD\PROJECT4\PROJECT4\THREADS\DEBUG\THREADS.EXE.INTERMEDIATE.MANIFEST
C:\USERS\DHAVALMALAVIYA\DESKTOP\OOD\PROJECT4\PROJECT4\THREADS\DEBUG\THREADS.OBJ
C:\Users\dhavalmalaviya\Desktop\OOD\project4\project4\Threads\Debug\Threads_manifest.rc
C:\Users\dhavalmalaviya\Desktop\OOD\project4\project4\Threads\Debug\vc100.idb
C:\USERS\DHAVALMALAVIYA\DESKTOP\OOD\PROJECT4\PROJECT4\THREADS\DEBUG\VC100.PDB
